<?xml version="1.0" encoding="UTF-8"?>
<!-- Generated by org.testng.reporters.JUnitReportReporter -->
<testsuite hostname="DESKTOP-VJLFJO4" failures="0" tests="3" name="jsonresponse.parsingMethods" time="3.815" errors="0" timestamp="2024-09-15T18:46:04 EDT" skipped="0">
  <testcase classname="jsonresponse.parsingMethods" name="assertXMLPathResponse" time="0.327"/>
  <testcase classname="jsonresponse.parsingMethods" name="assertXMLBody" time="2.964"/>
  <testcase classname="jsonresponse.parsingMethods" name="assertXMLPath" time="0.524"/>
</testsuite> <!-- jsonresponse.parsingMethods -->
