<?xml version="1.0" encoding="UTF-8"?>
<!-- Generated by org.testng.reporters.JUnitReportReporter -->
<testsuite hostname="DESKTOP-VJLFJO4" failures="0" tests="4" name="api.test.UserTests" time="4.238" errors="0" timestamp="2024-09-18T09:13:28 EDT" skipped="0">
  <testcase classname="api.test.UserTests" name="testCreateUser" time="3.393"/>
  <testcase classname="api.test.UserTests" name="testGetUserByName" time="0.248"/>
  <testcase classname="api.test.UserTests" name="testUpdateUserByName" time="0.327"/>
  <testcase classname="api.test.UserTests" name="testDeleteUserByName" time="0.270"/>
</testsuite> <!-- api.test.UserTests -->
