<?xml version="1.0" encoding="UTF-8"?>
<!-- Generated by org.testng.reporters.JUnitReportReporter -->
<testsuite skipped="0" hostname="afa878e77d77" name="api.test.UserTests" tests="4" failures="0" timestamp="20 Sep 2024 15:38:06 GMT" time="2.648" errors="0">
  <testcase name="testCreateUser" time="1.905" classname="api.test.UserTests"/>
  <testcase name="testGetUserByName" time="0.322" classname="api.test.UserTests"/>
  <testcase name="testUpdateUserByName" time="0.225" classname="api.test.UserTests"/>
  <testcase name="testDeleteUserByName" time="0.196" classname="api.test.UserTests"/>
</testsuite> <!-- api.test.UserTests -->
