<?xml version="1.0" encoding="UTF-8"?>
<!-- Generated by org.testng.reporters.JUnitReportReporter -->
<testsuite skipped="0" hostname="afa878e77d77" name="api.test.UserDataDrivenTests" tests="4" failures="0" timestamp="20 Sep 2024 15:38:06 GMT" time="0.846" errors="0">
  <testcase name="testCreateUsers" time="0.242" classname="api.test.UserDataDrivenTests"/>
  <testcase name="testCreateUsers" time="0.212" classname="api.test.UserDataDrivenTests"/>
  <testcase name="testDeleteUsers" time="0.213" classname="api.test.UserDataDrivenTests"/>
  <testcase name="testDeleteUsers" time="0.179" classname="api.test.UserDataDrivenTests"/>
</testsuite> <!-- api.test.UserDataDrivenTests -->
