<?xml version="1.0" encoding="UTF-8"?>
<!-- Generated by org.testng.reporters.JUnitReportReporter -->
<testsuite hostname="DESKTOP-VJLFJO4" failures="0" tests="4" name="api.test.UserTests" time="3.218" errors="0" timestamp="20 Sep 2024 16:33:43 GMT" skipped="0">
  <testcase classname="api.test.UserTests" name="testCreateUser" time="2.405"/>
  <testcase classname="api.test.UserTests" name="testGetUserByName" time="0.307"/>
  <testcase classname="api.test.UserTests" name="testUpdateUserByName" time="0.258"/>
  <testcase classname="api.test.UserTests" name="testDeleteUserByName" time="0.248"/>
</testsuite> <!-- api.test.UserTests -->
