<?xml version="1.0" encoding="UTF-8"?>
<!-- Generated by org.testng.reporters.JUnitReportReporter -->
<testsuite hostname="DESKTOP-VJLFJO4" failures="0" tests="4" name="api.test.UserTests" time="3.243" errors="0" timestamp="19 Sep 2024 21:06:31 GMT" skipped="0">
  <testcase classname="api.test.UserTests" name="testCreateUser" time="2.383"/>
  <testcase classname="api.test.UserTests" name="testGetUserByName" time="0.301"/>
  <testcase classname="api.test.UserTests" name="testUpdateUserByName" time="0.284"/>
  <testcase classname="api.test.UserTests" name="testDeleteUserByName" time="0.275"/>
</testsuite> <!-- api.test.UserTests -->
