<?xml version="1.0" encoding="UTF-8"?>
<!-- Generated by org.testng.reporters.JUnitReportReporter -->
<testsuite hostname="DESKTOP-VJLFJO4" failures="0" tests="4" name="api.test.UserTests" time="4.165" errors="0" timestamp="2024-09-18T13:04:02 EDT" skipped="0">
  <testcase classname="api.test.UserTests" name="testCreateUser" time="3.356"/>
  <testcase classname="api.test.UserTests" name="testGetUserByName" time="0.249"/>
  <testcase classname="api.test.UserTests" name="testUpdateUserByName" time="0.275"/>
  <testcase classname="api.test.UserTests" name="testDeleteUserByName" time="0.285"/>
</testsuite> <!-- api.test.UserTests -->
