<?xml version="1.0" encoding="UTF-8"?>
<!-- Generated by org.testng.reporters.JUnitReportReporter -->
<testsuite hostname="DESKTOP-VJLFJO4" failures="0" tests="1" name="requestbody.HTTPPayloads" time="2.354" errors="0" timestamp="2024-09-15T10:25:36 EDT" skipped="0">
  <testcase classname="requestbody.HTTPPayloads" name="posJSONFile" time="2.354"/>
</testsuite> <!-- requestbody.HTTPPayloads -->
