<?xml version="1.0" encoding="UTF-8"?>
<!-- Generated by org.testng.reporters.JUnitReportReporter -->
<testsuite hostname="DESKTOP-VJLFJO4" failures="0" tests="2" name="files.UploadDonwload" time="2.420" errors="0" timestamp="2024-09-15T20:59:27 EDT" skipped="0">
  <testcase classname="files.UploadDonwload" name="MultiFileUpload" time="2.385"/>
  <testcase classname="files.UploadDonwload" name="SingleFileUpload" time="0.035"/>
</testsuite> <!-- files.UploadDonwload -->
