<?xml version="1.0" encoding="UTF-8"?>
<!-- Generated by org.testng.reporters.JUnitReportReporter -->
<testsuite hostname="DESKTOP-VJLFJO4" failures="0" tests="5" name="httpmethods.HTTPRequests" time="4.319" errors="0" timestamp="2024-09-19T13:42:50 EDT" skipped="0">
  <testcase classname="httpmethods.HTTPRequests" name="getUsers" time="2.628"/>
  <testcase classname="httpmethods.HTTPRequests" name="createOrphanUser" time="0.650"/>
  <testcase classname="httpmethods.HTTPRequests" name="createAdoptedUser" time="0.397"/>
  <testcase classname="httpmethods.HTTPRequests" name="updateAdoptedUser" time="0.320"/>
  <testcase classname="httpmethods.HTTPRequests" name="deleteAdoptedUser" time="0.324"/>
</testsuite> <!-- httpmethods.HTTPRequests -->
