<?xml version="1.0" encoding="UTF-8"?>
<!-- Generated by org.testng.reporters.JUnitReportReporter -->
<testsuite hostname="DESKTOP-VJLFJO4" failures="0" tests="5" name="httpmethods.HTTPRequests" time="9.312" errors="0" timestamp="19 Sep 2024 19:56:51 GMT" skipped="0">
  <testcase classname="httpmethods.HTTPRequests" name="getUsers" time="6.893"/>
  <testcase classname="httpmethods.HTTPRequests" name="createOrphanUser" time="1.350"/>
  <testcase classname="httpmethods.HTTPRequests" name="createAdoptedUser" time="0.382"/>
  <testcase classname="httpmethods.HTTPRequests" name="updateAdoptedUser" time="0.330"/>
  <testcase classname="httpmethods.HTTPRequests" name="deleteAdoptedUser" time="0.357"/>
</testsuite> <!-- httpmethods.HTTPRequests -->
