<?xml version="1.0" encoding="UTF-8"?>
<!-- Generated by org.testng.reporters.JUnitReportReporter -->
<testsuite hostname="DESKTOP-VJLFJO4" failures="0" tests="4" name="api.test.UserDataDrivenTests" time="3.523" errors="0" timestamp="2024-09-17T00:05:37 EDT" skipped="0">
  <testcase classname="api.test.UserDataDrivenTests" name="testCreateUsers" time="0.286"/>
  <testcase classname="api.test.UserDataDrivenTests" name="testCreateUsers" time="2.749"/>
  <testcase classname="api.test.UserDataDrivenTests" name="testDeleteUsers" time="0.271"/>
  <testcase classname="api.test.UserDataDrivenTests" name="testDeleteUsers" time="0.217"/>
</testsuite> <!-- api.test.UserDataDrivenTests -->
