<?xml version="1.0" encoding="UTF-8"?>
<!-- Generated by org.testng.reporters.JUnitReportReporter -->
<testsuite hostname="DESKTOP-VJLFJO4" failures="0" tests="4" name="api.test.UserTests" time="3.285" errors="0" timestamp="2024-09-17T21:48:39 EDT" skipped="0">
  <testcase classname="api.test.UserTests" name="testCreateUser" time="2.445"/>
  <testcase classname="api.test.UserTests" name="testGetUserByName" time="0.281"/>
  <testcase classname="api.test.UserTests" name="testUpdateUserByName" time="0.282"/>
  <testcase classname="api.test.UserTests" name="testDeleteUserByName" time="0.277"/>
</testsuite> <!-- api.test.UserTests -->
