<?xml version="1.0" encoding="UTF-8"?>
<!-- Generated by org.testng.reporters.JUnitReportReporter -->
<testsuite hostname="DESKTOP-VJLFJO4" failures="0" tests="1" name="requests.HTTPRequests" time="2.185" errors="0" timestamp="2024-09-15T12:09:02 EDT" skipped="0">
  <testcase classname="requests.HTTPRequests" name="logHeadersAndCookies" time="2.185"/>
</testsuite> <!-- requests.HTTPRequests -->
